[PMAC_HARDWARE]
Gate1AutoDetect=0x0
Gate2AutoDetect=0x0
Gate3AutoDetect=0x1
CardIOAutoDetect=0x0
CardDPRAutoDetect=0x0
[PMAC_CONFIG]
// *** EOF 
Successful Configuration using "/var/ftp/usrflash/Project/Configuration/pp_save.cfg"
// *** EOF 
Successful Custom Configuration using "/var/ftp/usrflash/Project/Configuration/pp_custom_save.cfg"
[PMAC_PROJECT]
Start of Project Loading using INI File: "/var/ftp/usrflash/Project/Configuration/pp_proj.ini"
0 Project Symbols were created for gpascii -2 communication
[PMAC_PROJECT]
Start of Project Loading using INI File: "/var/ftp/usrflash/Project/Configuration/pp_proj.ini"
LoadRTUserCode() Delta Time (sec) = 0.038656
Including Project File: /var/ftp/usrflash/Project/Configuration/pp_disable.txt 
Including Project File: /var/ftp/usrflash/Project/PMAC Script Language/Global Includes/global definitions.pmh 
Including Project File: /var/ftp/usrflash/Project/PMAC Script Language/Libraries/subprog1.pmc 
Including Project File: /var/ftp/usrflash/Project/PMAC Script Language/Motion Programs/prog1.pmc 
Including Project File: /var/ftp/usrflash/Project/PMAC Script Language/PLC Programs/plc1.plc 
Including Project File: /var/ftp/usrflash/Project/Configuration/pp_startup.txt 
Status: Pass 1 Create debug file, #defines, *.h & .sym files, Time (sec) = 0.015351
Status: Pass 2 Verify prog calls, local stack & labels, Time (sec)  = 0.000787
0 Project Symbols were created for gpascii -2 communication
Status: Create PPMAC Symbol Table & Run CPP Time (sec) = 0.477621
Status: Successful load of preprocessed File: "/var/ftp/usrflash/Temp/pp_proj.pma"
Status: Download to PPMAC Command Processor, Time (sec) = 0.001362
Status: Final pp_proj.h & Run Background C Apps, Time (sec) = 0.091445
Project Preprocessing & Load Total Time (sec) = 0.625359
[PMAC_PROJECT]
Start of Project Loading using INI File: "/var/ftp/usrflash/Project/Configuration/pp_proj.ini"
LoadRTUserCode() Delta Time (sec) = 0.029800
Including Project File: /var/ftp/usrflash/Project/Configuration/pp_disable.txt 
Including Project File: /var/ftp/usrflash/Project/PMAC Script Language/Global Includes/global definitions.pmh 
Including Project File: /var/ftp/usrflash/Project/PMAC Script Language/Libraries/subprog1.pmc 
Including Project File: /var/ftp/usrflash/Project/PMAC Script Language/Motion Programs/prog1.pmc 
Including Project File: /var/ftp/usrflash/Project/PMAC Script Language/PLC Programs/plc1.plc 
Including Project File: /var/ftp/usrflash/Project/Configuration/pp_startup.txt 
Status: Pass 1 Create debug file, #defines, *.h & .sym files, Time (sec) = 0.026886
Status: Pass 2 Verify prog calls, local stack & labels, Time (sec)  = 0.000806
0 Project Symbols were created for gpascii -2 communication
Status: Create PPMAC Symbol Table & Run CPP Time (sec) = 0.122098
Status: Successful load of preprocessed File: "/var/ftp/usrflash/Temp/pp_proj.pma"
Status: Download to PPMAC Command Processor, Time (sec) = 0.001352
Status: Final pp_proj.h & Run Background C Apps, Time (sec) = 0.098116
Project Preprocessing & Load Total Time (sec) = 0.279248
[PMAC_PROJECT]
Start of Project Loading using INI File: "/var/ftp/usrflash/Project/Configuration/pp_proj.ini"
LoadRTUserCode() Delta Time (sec) = 0.063517
Including Project File: /var/ftp/usrflash/Project/Configuration/pp_disable.txt 
Including Project File: /var/ftp/usrflash/Project/PMAC Script Language/Global Includes/global definitions.pmh 
Including Project File: /var/ftp/usrflash/Project/PMAC Script Language/Libraries/subprog1.pmc 
Including Project File: /var/ftp/usrflash/Project/PMAC Script Language/Motion Programs/prog1.pmc 
Including Project File: /var/ftp/usrflash/Project/PMAC Script Language/PLC Programs/plc1.plc 
Including Project File: /var/ftp/usrflash/Project/Configuration/pp_startup.txt 
Status: Pass 1 Create debug file, #defines, *.h & .sym files, Time (sec) = 0.038662
Status: Pass 2 Verify prog calls, local stack & labels, Time (sec)  = 0.000761
0 Project Symbols were created for gpascii -2 communication
Status: Create PPMAC Symbol Table & Run CPP Time (sec) = 0.243499
Status: Successful load of preprocessed File: "/var/ftp/usrflash/Temp/pp_proj.pma"
Status: Download to PPMAC Command Processor, Time (sec) = 0.001297
Status: Final pp_proj.h & Run Background C Apps, Time (sec) = 0.196441
Project Preprocessing & Load Total Time (sec) = 0.544307
[PMAC_PROJECT]
Start of Project Loading using INI File: "/var/ftp/usrflash/Project/Configuration/pp_proj.ini"
LoadRTUserCode() Delta Time (sec) = 0.027984
Including Project File: /var/ftp/usrflash/Project/Configuration/pp_disable.txt 
Including Project File: /var/ftp/usrflash/Project/PMAC Script Language/Global Includes/global definitions.pmh 
Including Project File: /var/ftp/usrflash/Project/PMAC Script Language/Libraries/subprog1.pmc 
Including Project File: /var/ftp/usrflash/Project/PMAC Script Language/Motion Programs/prog1.pmc 
Including Project File: /var/ftp/usrflash/Project/PMAC Script Language/PLC Programs/plc1.plc 
Including Project File: /var/ftp/usrflash/Project/Configuration/pp_startup.txt 
Status: Pass 1 Create debug file, #defines, *.h & .sym files, Time (sec) = 0.015888
Status: Pass 2 Verify prog calls, local stack & labels, Time (sec)  = 0.000879
0 Project Symbols were created for gpascii -2 communication
Status: Create PPMAC Symbol Table & Run CPP Time (sec) = 0.135848
Status: Successful load of preprocessed File: "/var/ftp/usrflash/Temp/pp_proj.pma"
Status: Download to PPMAC Command Processor, Time (sec) = 0.001291
Status: Final pp_proj.h & Run Background C Apps, Time (sec) = 0.100776
Project Preprocessing & Load Total Time (sec) = 0.282822
[PMAC_PROJECT]
Start of Project Loading using INI File: "/var/ftp/usrflash/Project/Configuration/pp_proj.ini"
LoadRTUserCode() Delta Time (sec) = 0.038092
Including Project File: /var/ftp/usrflash/Project/Configuration/pp_disable.txt 
Including Project File: /var/ftp/usrflash/Project/PMAC Script Language/Global Includes/global definitions.pmh 
Including Project File: /var/ftp/usrflash/Project/PMAC Script Language/Libraries/subprog1.pmc 
Including Project File: /var/ftp/usrflash/Project/PMAC Script Language/Motion Programs/prog1.pmc 
Including Project File: /var/ftp/usrflash/Project/PMAC Script Language/PLC Programs/plc1.plc 
Including Project File: /var/ftp/usrflash/Project/Configuration/pp_startup.txt 
Status: Pass 1 Create debug file, #defines, *.h & .sym files, Time (sec) = 0.015981
Status: Pass 2 Verify prog calls, local stack & labels, Time (sec)  = 0.000877
0 Project Symbols were created for gpascii -2 communication
Status: Create PPMAC Symbol Table & Run CPP Time (sec) = 0.141721
Status: Successful load of preprocessed File: "/var/ftp/usrflash/Temp/pp_proj.pma"
Status: Download to PPMAC Command Processor, Time (sec) = 0.001377
Status: Final pp_proj.h & Run Background C Apps, Time (sec) = 0.112774
Project Preprocessing & Load Total Time (sec) = 0.311007
[PMAC_PROJECT]
Start of Project Loading using INI File: "/var/ftp/usrflash/Project/Configuration/pp_proj.ini"
LoadRTUserCode() Delta Time (sec) = 0.067906
Including Project File: /var/ftp/usrflash/Project/Configuration/pp_disable.txt 
Including Project File: /var/ftp/usrflash/Project/PMAC Script Language/Global Includes/global definitions.pmh 
Including Project File: /var/ftp/usrflash/Project/PMAC Script Language/Libraries/subprog1.pmc 
Including Project File: /var/ftp/usrflash/Project/PMAC Script Language/Motion Programs/prog1.pmc 
Including Project File: /var/ftp/usrflash/Project/PMAC Script Language/PLC Programs/plc1.plc 
Including Project File: /var/ftp/usrflash/Project/Configuration/pp_startup.txt 
Status: Pass 1 Create debug file, #defines, *.h & .sym files, Time (sec) = 0.030865
Status: Pass 2 Verify prog calls, local stack & labels, Time (sec)  = 0.000768
0 Project Symbols were created for gpascii -2 communication
Status: Create PPMAC Symbol Table & Run CPP Time (sec) = 0.244663
Status: Successful load of preprocessed File: "/var/ftp/usrflash/Temp/pp_proj.pma"
Status: Download to PPMAC Command Processor, Time (sec) = 0.001265
Status: Final pp_proj.h & Run Background C Apps, Time (sec) = 0.180089
Project Preprocessing & Load Total Time (sec) = 0.525759
